<?xml version="1.0" encoding="UTF-8"?>
<testsuite name="testController.TestApiDataRequest" tests="1" skipped="0" failures="0" errors="0" timestamp="2021-10-05T11:16:55" hostname="Nebuchadnezzar" time="0.061">
  <properties/>
  <testcase name="changeTest()" classname="testController.TestApiDataRequest" time="0.061"/>
  <system-out><![CDATA[]]></system-out>
  <system-err><![CDATA[]]></system-err>
</testsuite>
