<?xml version="1.0" encoding="UTF-8"?>
<testsuite name="testModel.TestWindDirection" tests="1" skipped="0" failures="0" errors="0" timestamp="2021-10-06T14:51:24" hostname="Nebuchadnezzar" time="0.016">
  <properties/>
  <testcase name="windDirectionTest()" classname="testModel.TestWindDirection" time="0.016"/>
  <system-out><![CDATA[]]></system-out>
  <system-err><![CDATA[]]></system-err>
</testsuite>
