<?xml version="1.0" encoding="UTF-8"?>
<testsuite name="testModel.TestWeatherDescription" tests="4" skipped="0" failures="0" errors="0" timestamp="2021-11-01T17:07:51" hostname="Nebuchadnezzar" time="0.062">
  <properties/>
  <testcase name="isInAutumnPeriodTest()" classname="testModel.TestWeatherDescription" time="0.054"/>
  <testcase name="isInWinterPeriodTest()" classname="testModel.TestWeatherDescription" time="0.002"/>
  <testcase name="isInSpringPeriodTest()" classname="testModel.TestWeatherDescription" time="0.001"/>
  <testcase name="isInSummerPeriodTest()" classname="testModel.TestWeatherDescription" time="0.001"/>
  <system-out><![CDATA[]]></system-out>
  <system-err><![CDATA[]]></system-err>
</testsuite>
