<?xml version="1.0" encoding="UTF-8"?>
<testsuite name="testModel.TestWeatherDescription" tests="1" skipped="0" failures="0" errors="0" timestamp="2021-10-13T12:02:05" hostname="Nebuchadnezzar" time="0.092">
  <properties/>
  <testcase name="windDirectionTest()" classname="testModel.TestWeatherDescription" time="0.092"/>
  <system-out><![CDATA[13
9
winter is coming
java.util.GregorianCalendar[time=1634126525924,areFieldsSet=true,areAllFieldsSet=true,lenient=true,zone=sun.util.calendar.ZoneInfo[id="Europe/Paris",offset=3600000,dstSavings=3600000,useDaylight=true,transitions=184,lastRule=java.util.SimpleTimeZone[id=Europe/Paris,offset=3600000,dstSavings=3600000,useDaylight=true,startYear=0,startMode=2,startMonth=2,startDay=-1,startDayOfWeek=1,startTime=3600000,startTimeMode=2,endMode=2,endMonth=9,endDay=-1,endDayOfWeek=1,endTime=3600000,endTimeMode=2]],firstDayOfWeek=1,minimalDaysInFirstWeek=1,ERA=1,YEAR=2021,MONTH=9,WEEK_OF_YEAR=42,WEEK_OF_MONTH=3,DAY_OF_MONTH=13,DAY_OF_YEAR=286,DAY_OF_WEEK=4,DAY_OF_WEEK_IN_MONTH=2,AM_PM=1,HOUR=2,HOUR_OF_DAY=14,MINUTE=2,SECOND=5,MILLISECOND=924,ZONE_OFFSET=3600000,DST_OFFSET=3600000]
]]></system-out>
  <system-err><![CDATA[]]></system-err>
</testsuite>
